This is pdfTeX, Version 3.14159265-2.6-1.40.15 (TeX Live 2014) (preloaded format=pdflatex 2014.5.25)  17 AUG 2015 16:55
entering extended mode
 restricted \write18 enabled.
 file:line:error style messages enabled.
 %&-line parsing enabled.
**psa64_pspec_ver2.tex
(./psa64_pspec_ver2.tex
LaTeX2e <2014/05/01>
Babel <3.9k> and hyphenation patterns for 78 languages loaded.
(./emulateapj.cls
Document Class: emulateapj 
\bibbaselineskip=\skip41
(/usr/local/texlive/2014/texmf-dist/tex/latex/revtex4/revtex4.cls
Document Class: revtex4 2001/08/02 v4.0 (http://publish.aps.org/revtex4/ for do
cumentation)
 Copyright (c) 2001 The American Physical Society.
 mailto:revtex@aps.org
 Licensed under the LPPL:
http://www.ctan.org/tex-archive/macros/latex/base/lppl.txt
 Arthur Ogawa <ogawa@teleport.com>
 Based on work by David Carlisle <david@dcarlisle.demon.co.uk>.
ltxutil: portions licensed from W. E. Baxter (web@superscript.com)
Class revtex4 Info: Repairing broken LateX \@sect on input line 596.
\intertabularlinepenalty=\count79
\@tbpen=\count80
\@arstrutbox@hline=\box26
Class revtex4 Info: Repairing broken LaTeX \@xbitor on input line 1610.
ltxgrid: portions licensed from W. E. Baxter (web@superscript.com)
\c@linecount=\count81
\output=\toks14
\@protection@box=\box27
\@topmark@saved=\toks15
\footins@saved=\box28
\pagesofar=\box29
\footbox=\box30
\pagegrid@col=\count82
Class revtex4 Info: Incorporating package {textcase}  [1998/11/12 v0.06 Text on
ly upper/lower case changing (DPC)]. on input line 3682.
(/usr/local/texlive/2014/texmf-dist/tex/latex/url/url.sty
\Urlmuskip=\muskip10
Package: url 2013/09/16  ver 3.4  Verb mode for urls, etc.
)
\c@affil=\count83
\absbox=\box31
\c@part=\count84
\c@section=\count85
\c@subsection=\count86
\c@subsubsection=\count87
\c@paragraph=\count88
\c@subparagraph=\count89
\abovecaptionskip=\skip42
\belowcaptionskip=\skip43
\c@figure=\count90
\c@table=\count91

(/usr/local/texlive/2014/texmf-dist/tex/latex/natbib/natbib.sty
Package: natbib 2010/09/13 8.31b (PWD, AO)
\bibhang=\skip44
\bibsep=\skip45
LaTeX Info: Redefining \cite on input line 694.
\c@NAT@ctr=\count92
)
\widetext@top=\box32
\widetext@bot=\box33

(/usr/local/texlive/2014/texmf-dist/tex/latex/revtex4/revsymb.sty
Package: revsymb 2001/08/02 v4.0 (http://publish.aps.org/revtex4/ for documenta
tion)
LaTeX Info: Redefining \REV@mathfrak on input line 118.
))

Class revtex4 Warning: No Society specified, using generic APS style.

(/usr/local/texlive/2014/texmf-dist/tex/latex/revtex4/aps.rtx
File: aps.rtx 2001/08/02 v4.0 (http://publish.aps.org/revtex4/ for documentatio
n)
)
(/usr/local/texlive/2014/texmf-dist/tex/latex/revtex4/10pt.rtx
File: 10pt.rtx 2001/08/02 v4.0 (http://publish.aps.org/revtex4/ for documentati
on)
)
(/usr/local/texlive/2014/texmf-dist/tex/latex/base/latexsym.sty
Package: latexsym 1998/08/17 v2.2e Standard LaTeX package (lasy symbols)
\symlasy=\mathgroup4
LaTeX Font Info:    Overwriting symbol font `lasy' in version `bold'
(Font)                  U/lasy/m/n --> U/lasy/b/n on input line 47.
)
(/usr/local/texlive/2014/texmf-dist/tex/latex/graphics/graphicx.sty
Package: graphicx 2014/04/25 v1.0g Enhanced LaTeX Graphics (DPC,SPQR)

(/usr/local/texlive/2014/texmf-dist/tex/latex/graphics/keyval.sty
Package: keyval 2014/05/08 v1.15 key=value parser (DPC)
\KV@toks@=\toks16
)
(/usr/local/texlive/2014/texmf-dist/tex/latex/graphics/graphics.sty
Package: graphics 2009/02/05 v1.0o Standard LaTeX Graphics (DPC,SPQR)

(/usr/local/texlive/2014/texmf-dist/tex/latex/graphics/trig.sty
Package: trig 1999/03/16 v1.09 sin cos tan (DPC)
)
(/usr/local/texlive/2014/texmf-dist/tex/latex/latexconfig/graphics.cfg
File: graphics.cfg 2010/04/23 v1.9 graphics configuration of TeX Live
)
Package graphics Info: Driver file: pdftex.def on input line 91.

(/usr/local/texlive/2014/texmf-dist/tex/latex/pdftex-def/pdftex.def
File: pdftex.def 2011/05/27 v0.06d Graphics/color for pdfTeX

(/usr/local/texlive/2014/texmf-dist/tex/generic/oberdiek/infwarerr.sty
Package: infwarerr 2010/04/08 v1.3 Providing info/warning/error messages (HO)
)
(/usr/local/texlive/2014/texmf-dist/tex/generic/oberdiek/ltxcmds.sty
Package: ltxcmds 2011/11/09 v1.22 LaTeX kernel commands for general use (HO)
)
\Gread@gobject=\count93
))
\Gin@req@height=\dimen102
\Gin@req@width=\dimen103
)
(/usr/local/texlive/2014/texmf-dist/tex/latex/amsfonts/amssymb.sty
Package: amssymb 2013/01/14 v3.01 AMS font symbols

(/usr/local/texlive/2014/texmf-dist/tex/latex/amsfonts/amsfonts.sty
Package: amsfonts 2013/01/14 v3.01 Basic AMSFonts support
\@emptytoks=\toks17
\symAMSa=\mathgroup5
\symAMSb=\mathgroup6
LaTeX Font Info:    Overwriting math alphabet `\mathfrak' in version `bold'
(Font)                  U/euf/m/n --> U/euf/b/n on input line 106.
LaTeX Info: Redefining \frak on input line 111.
LaTeX Info: Redefining \Bbb on input line 113.
))
(/usr/local/texlive/2014/texmf-dist/tex/latex/tools/longtable.sty
Package: longtable 2004/02/01 v4.11 Multi-page Table package (DPC)
\LTleft=\skip46
\LTright=\skip47
\LTpre=\skip48
\LTpost=\skip49
\LTchunksize=\count94
\LTcapwidth=\dimen104
\LT@head=\box34
\LT@firsthead=\box35
\LT@foot=\box36
\LT@lastfoot=\box37
\LT@cols=\count95
\LT@rows=\count96
\c@LT@tables=\count97
\c@LT@chunks=\count98
\LT@p@ftn=\toks18
)
(/usr/local/texlive/2014/texmf-dist/tex/generic/epsf/epsf.sty
This is `epsf.tex' v2.7.4 <14 February 2011>
\epsffilein=\read1
\epsfframemargin=\dimen105
\epsfframethickness=\dimen106
\epsfrsize=\dimen107
\epsftmp=\dimen108
\epsftsize=\dimen109
\epsfxsize=\dimen110
\epsfysize=\dimen111
\pspoints=\dimen112
)
\c@front@matter@foot@note=\count99
\alt@affil@toks=\toks19
\alt@affil@toks@count=\toks20
\keys@width=\skip50
\c@lastfootnote=\count100
\c@remember@figure@num=\count101
\c@remember@table@num=\count102
\bibindent=\dimen113
\plot@width=\skip51
\c@table@save=\count103
\table@note@skip=\skip52
\deluxe@table@width=\skip53
\@d@t@a=\skip54
\c@deluxe@table@num=\count104
\abovedeluxetableskip=\skip55
\belowdeluxetableskip=\skip56
\lastrowheight=\dimen114
\DT@p@ftn=\toks21
\pt@column=\count105
\pt@ncol=\count106
) (/usr/local/texlive/2014/texmf-dist/tex/latex/amsmath/amsmath.sty
Package: amsmath 2013/01/14 v2.14 AMS math features
\@mathmargin=\skip57

For additional information on amsmath, use the `?' option.
(/usr/local/texlive/2014/texmf-dist/tex/latex/amsmath/amstext.sty
Package: amstext 2000/06/29 v2.01

(/usr/local/texlive/2014/texmf-dist/tex/latex/amsmath/amsgen.sty
File: amsgen.sty 1999/11/30 v2.0
\@emptytoks=\toks22
\ex@=\dimen115
))
(/usr/local/texlive/2014/texmf-dist/tex/latex/amsmath/amsbsy.sty
Package: amsbsy 1999/11/29 v1.2d
\pmbraise@=\dimen116
)
(/usr/local/texlive/2014/texmf-dist/tex/latex/amsmath/amsopn.sty
Package: amsopn 1999/12/14 v2.01 operator names
)
\inf@bad=\count107
LaTeX Info: Redefining \frac on input line 210.
\uproot@=\count108
\leftroot@=\count109
LaTeX Info: Redefining \overline on input line 306.
\classnum@=\count110
\DOTSCASE@=\count111
LaTeX Info: Redefining \ldots on input line 378.
LaTeX Info: Redefining \dots on input line 381.
LaTeX Info: Redefining \cdots on input line 466.
\Mathstrutbox@=\box38
\strutbox@=\box39
\big@size=\dimen117
LaTeX Font Info:    Redeclaring font encoding OML on input line 566.
LaTeX Font Info:    Redeclaring font encoding OMS on input line 567.
\macc@depth=\count112
\c@MaxMatrixCols=\count113
\dotsspace@=\muskip11
\c@parentequation=\count114
\dspbrk@lvl=\count115
\tag@help=\toks23
\row@=\count116
\column@=\count117
\maxfields@=\count118
\andhelp@=\toks24
\eqnshift@=\dimen118
\alignsep@=\dimen119
\tagshift@=\dimen120
\tagwidth@=\dimen121
\totwidth@=\dimen122
\lineht@=\dimen123
\@envbody=\toks25
\multlinegap=\skip58
\multlinetaggap=\skip59
\mathdisplay@stack=\toks26
LaTeX Info: Redefining \[ on input line 2665.
LaTeX Info: Redefining \] on input line 2666.
)
(/usr/local/texlive/2014/texmf-dist/tex/latex/rotating/rotating.sty
Package: rotating 2009/03/28 v2.16a rotated objects in LaTeX

(/usr/local/texlive/2014/texmf-dist/tex/latex/base/ifthen.sty
Package: ifthen 2001/05/26 v1.1c Standard LaTeX ifthen package (DPC)
)
\c@r@tfl@t=\count119
\rotFPtop=\skip60
\rotFPbot=\skip61
\rot@float@box=\box40
\rot@mess@toks=\toks27
)
\colveccount=\count120

(./psa64_pspec_ver2.aux)
\openout1 = `psa64_pspec_ver2.aux'.

LaTeX Font Info:    Checking defaults for OML/cmm/m/it on input line 54.
LaTeX Font Info:    ... okay on input line 54.
LaTeX Font Info:    Checking defaults for T1/cmr/m/n on input line 54.
LaTeX Font Info:    ... okay on input line 54.
LaTeX Font Info:    Checking defaults for OT1/cmr/m/n on input line 54.
LaTeX Font Info:    ... okay on input line 54.
LaTeX Font Info:    Checking defaults for OMS/cmsy/m/n on input line 54.
LaTeX Font Info:    ... okay on input line 54.
LaTeX Font Info:    Checking defaults for OMX/cmex/m/n on input line 54.
LaTeX Font Info:    ... okay on input line 54.
LaTeX Font Info:    Checking defaults for U/cmr/m/n on input line 54.
LaTeX Font Info:    ... okay on input line 54.
Class revtex4 Info: Patching LaTeX tabular. on input line 54.
Class revtex4 Info: Patching unrecognized longtable package. (Proceeding with f
ingers crossed) on input line 54.
Class revtex4 Info: cite was not loaded (OK!) on input line 54.
Class revtex4 Info: multicol was not loaded (OK!) on input line 54.

(/usr/local/texlive/2014/texmf-dist/tex/context/base/supp-pdf.mkii
[Loading MPS to PDF converter (version 2006.09.02).]
\scratchcounter=\count121
\scratchdimen=\dimen124
\scratchbox=\box41
\nofMPsegments=\count122
\nofMParguments=\count123
\everyMPshowfont=\toks28
\MPscratchCnt=\count124
\MPscratchDim=\dimen125
\MPnumerator=\count125
\makeMPintoPDFobject=\count126
\everyMPtoPDFconversion=\toks29
) (/usr/local/texlive/2014/texmf-dist/tex/generic/oberdiek/pdftexcmds.sty
Package: pdftexcmds 2011/11/29 v0.20 Utility functions of pdfTeX for LuaTeX (HO
)

(/usr/local/texlive/2014/texmf-dist/tex/generic/oberdiek/ifluatex.sty
Package: ifluatex 2010/03/01 v1.3 Provides the ifluatex switch (HO)
Package ifluatex Info: LuaTeX not detected.
)
(/usr/local/texlive/2014/texmf-dist/tex/generic/oberdiek/ifpdf.sty
Package: ifpdf 2011/01/30 v2.3 Provides the ifpdf switch (HO)
Package ifpdf Info: pdfTeX in PDF mode is detected.
)
Package pdftexcmds Info: LuaTeX not detected.
Package pdftexcmds Info: \pdf@primitive is available.
Package pdftexcmds Info: \pdf@ifprimitive is available.
Package pdftexcmds Info: \pdfdraftmode found.
)
(/usr/local/texlive/2014/texmf-dist/tex/latex/oberdiek/epstopdf-base.sty
Package: epstopdf-base 2010/02/09 v2.5 Base part for package epstopdf

(/usr/local/texlive/2014/texmf-dist/tex/latex/oberdiek/grfext.sty
Package: grfext 2010/08/19 v1.1 Manage graphics extensions (HO)

(/usr/local/texlive/2014/texmf-dist/tex/generic/oberdiek/kvdefinekeys.sty
Package: kvdefinekeys 2011/04/07 v1.3 Define keys (HO)
))
(/usr/local/texlive/2014/texmf-dist/tex/latex/oberdiek/kvoptions.sty
Package: kvoptions 2011/06/30 v3.11 Key value format for package options (HO)

(/usr/local/texlive/2014/texmf-dist/tex/generic/oberdiek/kvsetkeys.sty
Package: kvsetkeys 2012/04/25 v1.16 Key value parser (HO)

(/usr/local/texlive/2014/texmf-dist/tex/generic/oberdiek/etexcmds.sty
Package: etexcmds 2011/02/16 v1.5 Avoid name clashes with e-TeX commands (HO)
Package etexcmds Info: Could not find \expanded.
(etexcmds)             That can mean that you are not using pdfTeX 1.50 or
(etexcmds)             that some package has redefined \expanded.
(etexcmds)             In the latter case, load this package earlier.
)))
Package grfext Info: Graphics extension search list:
(grfext)             [.png,.pdf,.jpg,.mps,.jpeg,.jbig2,.jb2,.PNG,.PDF,.JPG,.JPE
G,.JBIG2,.JB2,.eps]
(grfext)             \AppendGraphicsExtensions on input line 452.

(/usr/local/texlive/2014/texmf-dist/tex/latex/latexconfig/epstopdf-sys.cfg
File: epstopdf-sys.cfg 2010/07/13 v1.3 Configuration of (r)epstopdf for TeX Liv
e
))
LaTeX Font Info:    Try loading font information for U+lasy on input line 108.

(/usr/local/texlive/2014/texmf-dist/tex/latex/base/ulasy.fd
File: ulasy.fd 1998/08/17 v2.2e LaTeX symbol font definitions
)
LaTeX Font Info:    Try loading font information for U+msa on input line 108.

(/usr/local/texlive/2014/texmf-dist/tex/latex/amsfonts/umsa.fd
File: umsa.fd 2013/01/14 v3.01 AMS symbols A
)
LaTeX Font Info:    Try loading font information for U+msb on input line 108.

(/usr/local/texlive/2014/texmf-dist/tex/latex/amsfonts/umsb.fd
File: umsb.fd 2013/01/14 v3.01 AMS symbols B
)

Class revtex4 Warning: Assuming \noaffiliation for  Zaki S. Ali\textsuperscript
 {1}, Aaron R. Parsons\textsuperscript {1,2}, Haoxuan Zheng\textsuperscript {3}
, Jonathan C. Pober\textsuperscript {4}, Adrian Liu\textsuperscript {1,5}, Jame
s E. Aguirre\textsuperscript {6}, Richard F. Bradley\textsuperscript {7,8,9}, G
ianni Bernardi\textsuperscript {10,11,12}, Chris L. Carilli\textsuperscript {13
,14}, Carina Cheng\textsuperscript {1}, David R. DeBoer\textsuperscript {2}, Ma
tthew R. Dexter\textsuperscript {2}, Jasper Grobbelaar\textsuperscript {10}, Ja
sper Horrell\textsuperscript {10}, Daniel C. Jacobs\textsuperscript {15}, Pat K
lima\textsuperscript {8}, David H. E. MacMahon\textsuperscript {2}, Matthys Mar
ee\textsuperscript {10}, David F. Moore\textsuperscript {6}, Nima Razavi\textsu
perscript {14}, Irina I. Stefan\textsuperscript {14}, William P. Walbrugh\texts
uperscript {10}, Andre Walker\textsuperscript {10} .

[1{/usr/local/texlive/2014/texmf-var/fonts/map/pdftex/updmap/pdftex.map}]
Underfull \hbox (badness 3815) in paragraph at lines 186--209
[]\OT1/cmr/m/n/10 There are two com-ple-men-tary ex-per-i-men-tal ap-
 []

<antenna_positions.png, id=18, 469.755pt x 390.258pt>
File: antenna_positions.png Graphic file (type png)

<use antenna_positions.png>
Package pdftex.def Info: antenna_positions.png used on input line 257.
(pdftex.def)             Requested size: 245.26653pt x 203.75708pt.

Underfull \hbox (badness 10000) in paragraph at lines 267--267
$[]$
 []


Underfull \hbox (badness 10000) in paragraph at lines 267--267

 []

<coverage.png, id=20, 734.9859pt x 373.6359pt>
File: coverage.png Graphic file (type png)
 <use coverage.png>
Package pdftex.def Info: coverage.png used on input line 284.
(pdftex.def)             Requested size: 490.53305pt x 249.37123pt.

Underfull \hbox (badness 10000) in paragraph at lines 289--289
$[]$
 []


Underfull \hbox (badness 10000) in paragraph at lines 289--289

 []

[2 <./antenna_positions.png>]
<data_flow_chart.pdf, id=26, 795.72281pt x 615.0478pt>
File: data_flow_chart.pdf Graphic file (type pdf)

<use data_flow_chart.pdf>
Package pdftex.def Info: data_flow_chart.pdf used on input line 359.
(pdftex.def)             Requested size: 490.53305pt x 269.4756pt.

Underfull \hbox (badness 10000) in paragraph at lines 366--366
$[]$
 []


Underfull \hbox (badness 10000) in paragraph at lines 366--366

 []


Package natbib Warning: Citation `' on page 3 undefined on input line 395.

[3 <./coverage.png>] [4 <./data_flow_chart.pdf>]
<omniview_64.png, id=149, 722.7pt x 433.62pt>
File: omniview_64.png Graphic file (type png)
 <use omniview_64.png>
Package pdftex.def Info: omniview_64.png used on input line 558.
(pdftex.def)             Requested size: 367.89978pt x 220.73967pt.

Underfull \hbox (badness 10000) in paragraph at lines 568--568
$[]$
 []


Underfull \hbox (badness 10000) in paragraph at lines 568--568

 []

<chi2.png, id=150, 505.89pt x 289.08pt>
File: chi2.png Graphic file (type png)
 <use chi2.png>
Package pdftex.def Info: chi2.png used on input line 574.
(pdftex.def)             Requested size: 245.26653pt x 140.1551pt.

Underfull \hbox (badness 10000) in paragraph at lines 579--579
$[]$
 []


Underfull \hbox (badness 10000) in paragraph at lines 579--579

 []

Missing character: There is no â in font cmr10!
Missing character: There is no € in font cmr10!
Missing character: There is no “ in font cmr10!

Overfull \hbox (32.87737pt too wide) in paragraph at lines 730--730
[][]| [] []\OT1/cmr/m/n/8 http://www.lofar.org/wiki/doku.php?id=public:user[]so
ftware:pybdsm| 
 []

[5] <picimg_cs.png, id=156, 505.89pt x 433.62pt>
File: picimg_cs.png Graphic file (type png)
 <use picimg_cs.png>
Package pdftex.def Info: picimg_cs.png used on input line 740.
(pdftex.def)             Requested size: 245.26653pt x 210.23267pt.

Underfull \hbox (badness 10000) in paragraph at lines 750--750
$[]$
 []


Underfull \hbox (badness 10000) in paragraph at lines 750--750

 []

<picspec.png, id=157, 463.2507pt x 354.8457pt>
File: picspec.png Graphic file (type png)
 <use picspec.png>
Package pdftex.def Info: picspec.png used on input line 757.
(pdftex.def)             Requested size: 245.26653pt x 187.8778pt.

Underfull \hbox (badness 10000) in paragraph at lines 768--768
$[]$
 []


Underfull \hbox (badness 10000) in paragraph at lines 768--768

 []

[6 <./omniview_64.png> <./chi2.png> <./picimg_cs.png>]

LaTeX Warning: A float is stuck (cannot be placed) on input line 790.


LaTeX Warning: A float is stuck (cannot be placed) on input line 790.


Class revtex4 Warning: Deferred float stuck during \clearpage processing.

<waterfalls_labeled.png, id=165, 722.7pt x 578.16pt>
File: waterfalls_labeled.png Graphic file (type png)

<use waterfalls_labeled.png>
Package pdftex.def Info: waterfalls_labeled.png used on input line 1045.
(pdftex.def)             Requested size: 490.53305pt x 392.42902pt.

Underfull \hbox (badness 10000) in paragraph at lines 1062--1062
$[]$
 []


Underfull \hbox (badness 10000) in paragraph at lines 1062--1062

 []

[7 <./picspec.png>] [8 <./waterfalls_labeled.png>]
<fringe_rate_filter.png, id=176, 505.89pt x 433.62pt>
File: fringe_rate_filter.png Graphic file (type png)

<use fringe_rate_filter.png>
Package pdftex.def Info: fringe_rate_filter.png used on input line 1357.
(pdftex.def)             Requested size: 245.26653pt x 210.23267pt.

Underfull \hbox (badness 10000) in paragraph at lines 1377--1377
$[]$
 []


Underfull \hbox (badness 10000) in paragraph at lines 1377--1377

 []

<density.png, id=177, 879.5259pt x 229.0959pt>
File: density.png Graphic file (type png)
 <use density.png>
Package pdftex.def Info: density.png used on input line 1421.
(pdftex.def)             Requested size: 564.11375pt x 146.93898pt.

Overfull \hbox (50.99632pt too wide) in paragraph at lines 1421--1422
 [][] 
 []


Underfull \hbox (badness 10000) in paragraph at lines 1434--1434
$[]$
 []


Underfull \hbox (badness 10000) in paragraph at lines 1434--1434

 []

<stability.png, id=178, 361.35pt x 289.08pt>
File: stability.png Graphic file (type png)
 <use stability.png>
Package pdftex.def Info: stability.png used on input line 1439.
(pdftex.def)             Requested size: 245.26653pt x 196.2145pt.

Underfull \hbox (badness 10000) in paragraph at lines 1460--1460
$[]$
 []


Underfull \hbox (badness 10000) in paragraph at lines 1460--1460

 []

[9 <./fringe_rate_filter.png>] <tsys.png, id=183, 505.89pt x 303.534pt>
File: tsys.png Graphic file (type png)

<use tsys.png>
Package pdftex.def Info: tsys.png used on input line 1514.
(pdftex.def)             Requested size: 245.26653pt x 147.16286pt.

Underfull \hbox (badness 10000) in paragraph at lines 1523--1523
$[]$
 []


Underfull \hbox (badness 10000) in paragraph at lines 1523--1523

 []

[10 <./density.png> <./stability.png> <./tsys.png>]
LaTeX Font Info:    Font shape `U/lasy/b/n' in size <7> not available
(Font)              Font shape `U/lasy/m/n' tried instead on input line 1748.
LaTeX Font Info:    Font shape `U/lasy/b/n' in size <5> not available
(Font)              Font shape `U/lasy/m/n' tried instead on input line 1748.
 [11]
Underfull \hbox (badness 1389) in paragraph at lines 1875--1888
\OT1/cmr/m/n/10 and their cor-re-spond-ing co-vari-ance ma-tri-ces. The
 []

<inv_cov.png, id=194, 662.7159pt x 590.4459pt>
File: inv_cov.png Graphic file (type png)
 <use inv_cov.png>
Package pdftex.def Info: inv_cov.png used on input line 1890.
(pdftex.def)             Requested size: 490.53305pt x 437.04926pt.

Underfull \hbox (badness 10000) in paragraph at lines 1896--1896
$[]$
 []


Underfull \hbox (badness 10000) in paragraph at lines 1896--1896

 []

<eig.png, id=195, 469.755pt x 397.485pt>
File: eig.png Graphic file (type png)
 <use eig.png>
Package pdftex.def Info: eig.png used on input line 1900.
(pdftex.def)             Requested size: 245.26653pt x 207.53036pt.

Underfull \hbox (badness 10000) in paragraph at lines 1916--1916
$[]$
 []


Underfull \hbox (badness 10000) in paragraph at lines 1916--1916

 []

[12] [13 <./inv_cov.png>]

LaTeX Warning: A float is stuck (cannot be placed) on input line 1993.


LaTeX Warning: A float is stuck (cannot be placed) on input line 1993.


Class revtex4 Warning: Deferred float stuck during \clearpage processing.

<window.png, id=204, 445.9059pt x 445.9059pt>
File: window.png Graphic file (type png)
 <use window.png>
Package pdftex.def Info: window.png used on input line 1995.
(pdftex.def)             Requested size: 245.26653pt x 245.26941pt.

Underfull \hbox (badness 10000) in paragraph at lines 2005--2005
$[]$
 []


Underfull \hbox (badness 10000) in paragraph at lines 2005--2005

 []

[14 <./eig.png> <./window.png>] <sigloss.png, id=211, 518.1759pt x 518.1759pt>
File: sigloss.png Graphic file (type png)

<use sigloss.png>
Package pdftex.def Info: sigloss.png used on input line 2120.
(pdftex.def)             Requested size: 245.26653pt x 245.26636pt.

Underfull \hbox (badness 10000) in paragraph at lines 2134--2134
$[]$
 []


Underfull \hbox (badness 10000) in paragraph at lines 2134--2134

 []


Underfull \hbox (badness 10000) in paragraph at lines 2161--2161
$[]$
 []


Underfull \hbox (badness 10000) in paragraph at lines 2161--2161

 []

<pspec_variance.png, id=212, 542.025pt x 289.08pt>
File: pspec_variance.png Graphic file (type png)
 <use pspec_variance.png>
Package pdftex.def Info: pspec_variance.png used on input line 2227.
(pdftex.def)             Requested size: 441.48048pt x 235.46358pt.

Underfull \hbox (badness 10000) in paragraph at lines 2240--2240
$[]$
 []


Underfull \hbox (badness 10000) in paragraph at lines 2240--2240

 []

[15 <./sigloss.png>] <pk_k3pk.png, id=219, 867.24pt x 520.344pt>
File: pk_k3pk.png Graphic file (type png)

<use pk_k3pk.png>
Package pdftex.def Info: pk_k3pk.png used on input line 2420.
(pdftex.def)             Requested size: 490.53305pt x 294.32043pt.

Underfull \hbox (badness 10000) in paragraph at lines 2430--2430
$[]$
 []


Underfull \hbox (badness 10000) in paragraph at lines 2430--2430

 []

<pspec_comparison.png, id=220, 867.24pt x 520.344pt>
File: pspec_comparison.png Graphic file (type png)

<use pspec_comparison.png>
Package pdftex.def Info: pspec_comparison.png used on input line 2444.
(pdftex.def)             Requested size: 490.53305pt x 294.32043pt.

Underfull \hbox (badness 10000) in paragraph at lines 2453--2453
$[]$
 []


Underfull \hbox (badness 10000) in paragraph at lines 2453--2453

 []

[16 <./pspec_variance.png>] [17 <./pk_k3pk.png> <./pspec_comparison.png>]
<flat_k3pk_posterior.png, id=230, 469.755pt x 397.485pt>
File: flat_k3pk_posterior.png Graphic file (type png)

<use flat_k3pk_posterior.png>
Package pdftex.def Info: flat_k3pk_posterior.png used on input line 2501.
(pdftex.def)             Requested size: 245.26653pt x 207.53036pt.

Underfull \hbox (badness 10000) in paragraph at lines 2508--2508
$[]$
 []


Underfull \hbox (badness 10000) in paragraph at lines 2508--2508

 []

<ts_patchy_bound.png, id=231, 734.9859pt x 301.3659pt>
File: ts_patchy_bound.png Graphic file (type png)

<use ts_patchy_bound.png>
Package pdftex.def Info: ts_patchy_bound.png used on input line 2535.
(pdftex.def)             Requested size: 490.53305pt x 201.13696pt.

Underfull \hbox (badness 10000) in paragraph at lines 2541--2541
$[]$
 []


Underfull \hbox (badness 10000) in paragraph at lines 2541--2541

 []

[18 <./flat_k3pk_posterior.png>] [19 <./ts_patchy_bound.png>]
(./psa64_pspec_ver2.bbl [20]
Underfull \hbox (badness 1721) in paragraph at lines 446--448
 []\OT1/cmr/m/n/8 Presley, M., Liu, A., & Par-sons, A. 2015, ArXiv e-prints:
 []

[21])

Package natbib Warning: There were undefined citations.

[22] (./psa64_pspec_ver2.aux) ) 
Here is how much of TeX's memory you used:
 5118 strings out of 493117
 70127 string characters out of 6135433
 202795 words of memory out of 5000000
 8470 multiletter control sequences out of 15000+600000
 16050 words of font info for 64 fonts, out of 8000000 for 9000
 1141 hyphenation exceptions out of 8191
 39i,11n,28p,2469b,510s stack positions out of 5000i,500n,10000p,200000b,80000s
</usr/local/texlive/2014/texmf-dist/fonts/type1/
public/amsfonts/cm/cmbx10.pfb></usr/local/texlive/2014/texmf-dist/fonts/type1/p
ublic/amsfonts/cm/cmbx7.pfb></usr/local/texlive/2014/texmf-dist/fonts/type1/pub
lic/amsfonts/cm/cmbx8.pfb></usr/local/texlive/2014/texmf-dist/fonts/type1/publi
c/amsfonts/cm/cmcsc10.pfb></usr/local/texlive/2014/texmf-dist/fonts/type1/publi
c/amsfonts/cm/cmex10.pfb></usr/local/texlive/2014/texmf-dist/fonts/type1/public
/amsfonts/cm/cmmi10.pfb></usr/local/texlive/2014/texmf-dist/fonts/type1/public/
amsfonts/cm/cmmi5.pfb></usr/local/texlive/2014/texmf-dist/fonts/type1/public/am
sfonts/cm/cmmi7.pfb></usr/local/texlive/2014/texmf-dist/fonts/type1/public/amsf
onts/cm/cmmi8.pfb></usr/local/texlive/2014/texmf-dist/fonts/type1/public/amsfon
ts/cm/cmr10.pfb></usr/local/texlive/2014/texmf-dist/fonts/type1/public/amsfonts
/cm/cmr5.pfb></usr/local/texlive/2014/texmf-dist/fonts/type1/public/amsfonts/cm
/cmr6.pfb></usr/local/texlive/2014/texmf-dist/fonts/type1/public/amsfonts/cm/cm
r7.pfb></usr/local/texlive/2014/texmf-dist/fonts/type1/public/amsfonts/cm/cmr8.
pfb></usr/local/texlive/2014/texmf-dist/fonts/type1/public/amsfonts/cm/cmr9.pfb
></usr/local/texlive/2014/texmf-dist/fonts/type1/public/amsfonts/cm/cmsy10.pfb>
</usr/local/texlive/2014/texmf-dist/fonts/type1/public/amsfonts/cm/cmsy6.pfb></
usr/local/texlive/2014/texmf-dist/fonts/type1/public/amsfonts/cm/cmsy7.pfb></us
r/local/texlive/2014/texmf-dist/fonts/type1/public/amsfonts/cm/cmsy8.pfb></usr/
local/texlive/2014/texmf-dist/fonts/type1/public/amsfonts/cm/cmti10.pfb></usr/l
ocal/texlive/2014/texmf-dist/fonts/type1/public/amsfonts/cm/cmti8.pfb></usr/loc
al/texlive/2014/texmf-dist/fonts/type1/public/amsfonts/symbols/msam10.pfb></usr
/local/texlive/2014/texmf-dist/fonts/type1/public/amsfonts/symbols/msbm10.pfb>
Output written on psa64_pspec_ver2.pdf (22 pages, 2514124 bytes).
PDF statistics:
 324 PDF objects out of 1000 (max. 8388607)
 216 compressed objects within 3 object streams
 0 named destinations out of 1000 (max. 500000)
 112 words of extra memory for PDF output out of 10000 (max. 10000000)

